2022-05-14 18:21:34,394 INFO u.DriverManager [main] Драйвер поднят с опциями = [start-maximized]
2022-05-14 18:21:40,743 INFO p.AbstractPage [main] Открыта страница курсов Тестирование
2022-05-14 18:21:41,021 INFO p.AbstractPage [main] Количество курсов на странице = 11
2022-05-14 18:21:43,961 INFO p.AbstractPage [main] Открыта страница курсов
2022-05-14 18:21:44,243 INFO p.AbstractPage [main] На странице отображается корректное название курсов
2022-05-14 18:21:44,372 INFO p.AbstractPage [main] На странице отображается корректная продолжительность курсов
2022-05-14 18:21:44,437 INFO p.AbstractPage [main] На странице отображается корректное описание курсов
2022-05-14 18:21:46,622 INFO p.AbstractPage [main] Открыта страница предстоящих мероприятий
2022-05-14 18:21:48,841 INFO p.AbstractPage [main] Открыта страница предстоящих мероприятий
2022-05-14 18:21:52,083 INFO p.AbstractPage [main] Мероприятия отсортированы по типу ДОД
2022-05-14 18:26:19,501 INFO u.DriverManager [main] Драйвер поднят с опциями = [start-maximized]
2022-05-14 18:26:54,741 INFO u.DriverManager [main] Драйвер поднят с опциями = [start-maximized]
2022-05-14 18:27:01,736 INFO p.AbstractPage [main] Открыта страница курсов Тестирование
2022-05-14 18:27:02,042 INFO p.AbstractPage [main] Количество курсов на странице = 11
2022-05-14 18:27:04,779 INFO p.AbstractPage [main] Открыта страница курсов
2022-05-14 18:27:05,058 INFO p.AbstractPage [main] На странице отображается корректное название курсов
2022-05-14 18:27:05,107 INFO p.AbstractPage [main] На странице отображается корректная продолжительность курсов
2022-05-14 18:27:05,138 INFO p.AbstractPage [main] На странице отображается корректное описание курсов
2022-05-14 18:27:06,598 INFO p.AbstractPage [main] Открыта страница предстоящих мероприятий
2022-05-14 18:27:09,239 INFO p.AbstractPage [main] Открыта страница предстоящих мероприятий
2022-05-14 18:27:11,655 INFO p.AbstractPage [main] Мероприятия отсортированы по типу ДОД
2022-05-14 18:27:11,970 INFO p.AbstractPage [main] На странице отображаются карточки предстоящих мероприятий. На каждой карточке в типе указанно "День открытых дверей"
2022-05-14 18:28:51,233 INFO u.DriverManager [main] Драйвер поднят с опциями = [start-maximized]
2022-05-14 18:28:59,416 INFO p.AbstractPage [main] Открыта страница курсов Тестирование
2022-05-14 18:28:59,978 INFO p.AbstractPage [main] Количество курсов на странице = 11
2022-05-14 18:29:31,657 INFO p.AbstractPage [main] Открыта страница курсов
2022-05-14 18:29:31,704 INFO p.AbstractPage [main] На странице отображается корректное название курсов
2022-05-14 18:29:32,494 INFO p.AbstractPage [main] На странице отображается корректная продолжительность курсов
2022-05-14 18:29:32,542 INFO p.AbstractPage [main] На странице отображается корректное описание курсов
2022-05-14 18:29:40,307 INFO p.AbstractPage [main] Мероприятия отсортированы по типу ДОД
2022-05-14 18:29:40,727 INFO p.AbstractPage [main] На странице отображаются карточки предстоящих мероприятий. На каждой карточке в типе указанно "День открытых дверей"
2022-05-14 18:32:42,229 INFO u.DriverManager [main] Драйвер поднят с опциями = [start-maximized]
2022-05-14 18:32:47,915 INFO p.AbstractPage [main] Открыта страница курсов Тестирование
2022-05-14 18:32:48,238 INFO p.AbstractPage [main] Количество курсов на странице = 11
2022-05-14 18:32:51,885 INFO p.AbstractPage [main] Открыта страница курсов
2022-05-14 18:32:52,169 INFO p.AbstractPage [main] На странице отображается корректное название курсов
2022-05-14 18:32:52,220 INFO p.AbstractPage [main] На странице отображается корректная продолжительность курсов
2022-05-14 18:32:52,255 INFO p.AbstractPage [main] На странице отображается корректное описание курсов
2022-05-14 18:32:53,711 INFO p.AbstractPage [main] Открыта страница предстоящих мероприятий
2022-05-14 18:32:54,693 INFO p.AbstractPage [main] Мероприятия отсортированы по типу ДОД
2022-05-14 18:32:54,921 INFO p.AbstractPage [main] На странице отображаются карточки предстоящих мероприятий. На каждой карточке в типе указанно "День открытых дверей"
2022-05-14 18:51:45,700 INFO u.DriverManager [main] Драйвер поднят с опциями = [start-maximized]
2022-05-14 18:51:52,561 INFO p.AbstractPage [main] Открыта страница курсов Тестирование
2022-05-14 18:51:52,615 INFO p.AbstractPage [main] Количество курсов на странице = 11
2022-05-14 18:51:55,966 INFO p.AbstractPage [main] Открыта страница курсов
2022-05-14 18:51:56,012 INFO p.AbstractPage [main] На странице отображается корректное название курсов
2022-05-14 18:51:56,325 INFO p.AbstractPage [main] На странице отображается корректная продолжительность курсов
2022-05-14 18:51:56,375 INFO p.AbstractPage [main] На странице отображается корректное описание курсов
2022-05-14 18:51:57,858 INFO p.AbstractPage [main] Открыта страница предстоящих мероприятий
2022-05-14 18:51:58,008 INFO p.AbstractPage [main] У курса с наименованием = "Интенсив Специализации Machine Learning. Первый день." дата проведения корректна - 2022-05-16
2022-05-14 18:51:58,094 INFO p.AbstractPage [main] У курса с наименованием = "Открытый урок "Возможно ли общаться с коллегами без конфликтов?"" дата проведения корректна - 2022-05-16
2022-05-14 18:51:58,179 INFO p.AbstractPage [main] У курса с наименованием = "Открытый урок «Validation Framework в Spring»" дата проведения корректна - 2022-05-16
2022-05-14 18:51:58,270 INFO p.AbstractPage [main] У курса с наименованием = "Структуры языка Golang" дата проведения корректна - 2022-05-16
2022-05-14 18:51:58,370 INFO p.AbstractPage [main] У курса с наименованием = "Работа с сетью" дата проведения корректна - 2022-05-16
2022-05-14 18:51:58,468 INFO p.AbstractPage [main] У курса с наименованием = "Интенсив Специализации Machine Learning. Второй день." дата проведения корректна - 2022-05-17
2022-05-14 18:51:58,555 INFO p.AbstractPage [main] У курса с наименованием = "Docker для Python разработчика" дата проведения корректна - 2022-05-17
2022-05-14 18:51:58,638 INFO p.AbstractPage [main] У курса с наименованием = "От виртуализации к контейнеризации. Введение в Docker." дата проведения корректна - 2022-05-17
2022-05-14 18:51:58,721 INFO p.AbstractPage [main] У курса с наименованием = "«Индексы MySQL»" дата проведения корректна - 2022-05-17
2022-05-14 18:51:58,808 INFO p.AbstractPage [main] У курса с наименованием = "Разработка RPA-решений на платформе PIX" дата проведения корректна - 2022-05-17
2022-05-14 18:51:58,907 INFO p.AbstractPage [main] У курса с наименованием = "Понятие "состояние" в шаблонах проектирования" дата проведения корректна - 2022-05-18
2022-05-14 18:51:58,991 INFO p.AbstractPage [main] У курса с наименованием = "Пишем простой фоторедактор для iOS" дата проведения корректна - 2022-05-18
2022-05-14 18:51:59,068 INFO p.AbstractPage [main] У курса с наименованием = "Открытый урок «Подводные камни поиска работы за рубежом в IT»" дата проведения корректна - 2022-05-18
2022-05-14 18:51:59,148 INFO p.AbstractPage [main] У курса с наименованием = "Пишем простой фоторедактор для iOS" дата проведения корректна - 2022-05-18
2022-05-14 18:51:59,230 INFO p.AbstractPage [main] У курса с наименованием = "Открытый урок "Знакомство с Jupyter Notebook, основы Python"" дата проведения корректна - 2022-05-18
2022-05-14 18:51:59,317 INFO p.AbstractPage [main] У курса с наименованием = "Разработка RPA-решений на платформе PIX" дата проведения корректна - 2022-05-18
2022-05-14 18:51:59,404 INFO p.AbstractPage [main] У курса с наименованием = "Открытый урок «Техники оценки Agile проектов для различных контекстов»" дата проведения корректна - 2022-05-19
2022-05-14 18:51:59,495 INFO p.AbstractPage [main] У курса с наименованием = "Работа с базой данных с помощью Entity Framework Core" дата проведения корректна - 2022-05-19
2022-05-14 18:51:59,583 INFO p.AbstractPage [main] У курса с наименованием = "Тестирование API с RestAssured." дата проведения корректна - 2022-05-19
2022-05-14 18:51:59,661 INFO p.AbstractPage [main] У курса с наименованием = "К чему должен быть готов начинающий нарративный дизайнер?" дата проведения корректна - 2022-05-19
2022-05-14 18:51:59,661 INFO p.AbstractPage [main] Даты мероприятий больше текущей даты
2022-05-14 18:52:01,252 INFO p.AbstractPage [main] Мероприятия отсортированы по типу ДОД
2022-05-14 18:52:01,331 INFO p.AbstractPage [main] На странице отображаются карточки предстоящих мероприятий. На каждой карточке в типе указанно "День открытых дверей"
2022-05-14 19:08:53,689 INFO u.DriverManager [main] Драйвер поднят с опциями = [start-maximized]
2022-05-14 19:09:09,952 INFO p.AbstractPage [main] Открыта страница курсов Тестирование
2022-05-14 19:09:09,990 INFO p.AbstractPage [main] Количество курсов на странице = 11
2022-05-14 19:09:14,037 INFO p.AbstractPage [main] Открыта страница курсов
2022-05-14 19:09:14,559 INFO p.AbstractPage [main] На странице отображается корректное название курсов
2022-05-14 19:09:14,601 INFO p.AbstractPage [main] На странице отображается корректная продолжительность курсов
2022-05-14 19:09:14,634 INFO p.AbstractPage [main] На странице отображается корректное описание курсов
2022-05-14 19:09:18,110 INFO p.AbstractPage [main] Открыта страница предстоящих мероприятий
2022-05-14 19:09:19,291 INFO p.AbstractPage [main] У курса с наименованием = "Интенсив Специализации Machine Learning. Первый день." дата проведения корректна - 2022-05-16
2022-05-14 19:09:19,476 INFO p.AbstractPage [main] У курса с наименованием = "Открытый урок "Возможно ли общаться с коллегами без конфликтов?"" дата проведения корректна - 2022-05-16
2022-05-14 19:09:19,630 INFO p.AbstractPage [main] У курса с наименованием = "Открытый урок «Validation Framework в Spring»" дата проведения корректна - 2022-05-16
2022-05-14 19:09:19,742 INFO p.AbstractPage [main] У курса с наименованием = "Структуры языка Golang" дата проведения корректна - 2022-05-16
2022-05-14 19:09:19,851 INFO p.AbstractPage [main] У курса с наименованием = "Работа с сетью" дата проведения корректна - 2022-05-16
2022-05-14 19:09:19,972 INFO p.AbstractPage [main] У курса с наименованием = "Интенсив Специализации Machine Learning. Второй день." дата проведения корректна - 2022-05-17
2022-05-14 19:09:20,076 INFO p.AbstractPage [main] У курса с наименованием = "Docker для Python разработчика" дата проведения корректна - 2022-05-17
2022-05-14 19:09:20,212 INFO p.AbstractPage [main] У курса с наименованием = "От виртуализации к контейнеризации. Введение в Docker." дата проведения корректна - 2022-05-17
2022-05-14 19:09:20,359 INFO p.AbstractPage [main] У курса с наименованием = "«Индексы MySQL»" дата проведения корректна - 2022-05-17
2022-05-14 19:09:20,475 INFO p.AbstractPage [main] У курса с наименованием = "Разработка RPA-решений на платформе PIX" дата проведения корректна - 2022-05-17
2022-05-14 19:09:21,158 INFO p.AbstractPage [main] У курса с наименованием = "Понятие "состояние" в шаблонах проектирования" дата проведения корректна - 2022-05-18
2022-05-14 19:09:21,308 INFO p.AbstractPage [main] У курса с наименованием = "Пишем простой фоторедактор для iOS" дата проведения корректна - 2022-05-18
2022-05-14 19:09:21,491 INFO p.AbstractPage [main] У курса с наименованием = "Открытый урок «Подводные камни поиска работы за рубежом в IT»" дата проведения корректна - 2022-05-18
2022-05-14 19:09:21,622 INFO p.AbstractPage [main] У курса с наименованием = "Пишем простой фоторедактор для iOS" дата проведения корректна - 2022-05-18
2022-05-14 19:09:21,737 INFO p.AbstractPage [main] У курса с наименованием = "Открытый урок "Знакомство с Jupyter Notebook, основы Python"" дата проведения корректна - 2022-05-18
2022-05-14 19:09:21,858 INFO p.AbstractPage [main] У курса с наименованием = "Разработка RPA-решений на платформе PIX" дата проведения корректна - 2022-05-18
2022-05-14 19:09:21,957 INFO p.AbstractPage [main] У курса с наименованием = "Открытый урок «Техники оценки Agile проектов для различных контекстов»" дата проведения корректна - 2022-05-19
2022-05-14 19:09:22,039 INFO p.AbstractPage [main] У курса с наименованием = "Работа с базой данных с помощью Entity Framework Core" дата проведения корректна - 2022-05-19
2022-05-14 19:09:22,128 INFO p.AbstractPage [main] У курса с наименованием = "Тестирование API с RestAssured." дата проведения корректна - 2022-05-19
2022-05-14 19:09:22,223 INFO p.AbstractPage [main] У курса с наименованием = "К чему должен быть готов начинающий нарративный дизайнер?" дата проведения корректна - 2022-05-19
2022-05-14 19:09:22,223 INFO p.AbstractPage [main] Даты мероприятий больше текущей даты
2022-05-14 19:09:24,753 INFO p.AbstractPage [main] Мероприятия отсортированы по типу ДОД
2022-05-14 19:09:25,269 INFO p.AbstractPage [main] На странице отображаются карточки предстоящих мероприятий. На каждой карточке в типе указанно "День открытых дверей"
2022-05-14 20:13:46,013 INFO u.DriverManager [main] Драйвер поднят с опциями = [start-maximized]
2022-05-14 20:13:52,304 INFO p.AbstractPage [main] Открыта страница курсов Тестирование
2022-05-14 20:13:52,552 INFO p.AbstractPage [main] Количество курсов на странице = 11
2022-05-14 20:13:55,115 INFO p.AbstractPage [main] Открыта страница курсов
2022-05-14 20:13:55,354 INFO p.AbstractPage [main] На странице отображается корректное название курсов
2022-05-14 20:13:55,435 INFO p.AbstractPage [main] На странице отображается корректная продолжительность курсов
2022-05-14 20:13:55,463 INFO p.AbstractPage [main] На странице отображается корректное описание курсов
2022-05-14 20:13:56,959 INFO p.AbstractPage [main] Открыта страница предстоящих мероприятий
2022-05-14 20:13:56,988 INFO p.AbstractPage [main] На странице отображаются карточки предстоящих мероприятий
2022-05-14 20:13:57,126 INFO p.AbstractPage [main] У курса с наименованием = "Интенсив Специализации Machine Learning. Первый день." дата проведения корректна - 2022-05-16
2022-05-14 20:13:57,241 INFO p.AbstractPage [main] У курса с наименованием = "Открытый урок "Возможно ли общаться с коллегами без конфликтов?"" дата проведения корректна - 2022-05-16
2022-05-14 20:13:57,351 INFO p.AbstractPage [main] У курса с наименованием = "Открытый урок «Validation Framework в Spring»" дата проведения корректна - 2022-05-16
2022-05-14 20:13:57,480 INFO p.AbstractPage [main] У курса с наименованием = "Структуры языка Golang" дата проведения корректна - 2022-05-16
2022-05-14 20:13:57,593 INFO p.AbstractPage [main] У курса с наименованием = "Работа с сетью" дата проведения корректна - 2022-05-16
2022-05-14 20:13:57,704 INFO p.AbstractPage [main] У курса с наименованием = "Интенсив Специализации Machine Learning. Второй день." дата проведения корректна - 2022-05-17
2022-05-14 20:13:57,784 INFO p.AbstractPage [main] У курса с наименованием = "Docker для Python разработчика" дата проведения корректна - 2022-05-17
2022-05-14 20:13:57,888 INFO p.AbstractPage [main] У курса с наименованием = "От виртуализации к контейнеризации. Введение в Docker." дата проведения корректна - 2022-05-17
2022-05-14 20:13:57,990 INFO p.AbstractPage [main] У курса с наименованием = "«Индексы MySQL»" дата проведения корректна - 2022-05-17
2022-05-14 20:13:58,106 INFO p.AbstractPage [main] У курса с наименованием = "Разработка RPA-решений на платформе PIX" дата проведения корректна - 2022-05-17
2022-05-14 20:13:58,225 INFO p.AbstractPage [main] У курса с наименованием = "Понятие "состояние" в шаблонах проектирования" дата проведения корректна - 2022-05-18
2022-05-14 20:13:58,305 INFO p.AbstractPage [main] У курса с наименованием = "Пишем простой фоторедактор для iOS" дата проведения корректна - 2022-05-18
2022-05-14 20:13:58,408 INFO p.AbstractPage [main] У курса с наименованием = "Открытый урок «Подводные камни поиска работы за рубежом в IT»" дата проведения корректна - 2022-05-18
2022-05-14 20:13:58,537 INFO p.AbstractPage [main] У курса с наименованием = "Пишем простой фоторедактор для iOS" дата проведения корректна - 2022-05-18
2022-05-14 20:13:58,638 INFO p.AbstractPage [main] У курса с наименованием = "Открытый урок "Знакомство с Jupyter Notebook, основы Python"" дата проведения корректна - 2022-05-18
2022-05-14 20:13:58,716 INFO p.AbstractPage [main] У курса с наименованием = "Разработка RPA-решений на платформе PIX" дата проведения корректна - 2022-05-18
2022-05-14 20:13:58,793 INFO p.AbstractPage [main] У курса с наименованием = "Открытый урок «Техники оценки Agile проектов для различных контекстов»" дата проведения корректна - 2022-05-19
2022-05-14 20:13:58,870 INFO p.AbstractPage [main] У курса с наименованием = "Работа с базой данных с помощью Entity Framework Core" дата проведения корректна - 2022-05-19
2022-05-14 20:13:58,948 INFO p.AbstractPage [main] У курса с наименованием = "Тестирование API с RestAssured." дата проведения корректна - 2022-05-19
2022-05-14 20:13:59,027 INFO p.AbstractPage [main] У курса с наименованием = "К чему должен быть готов начинающий нарративный дизайнер?" дата проведения корректна - 2022-05-19
2022-05-14 20:13:59,027 INFO p.AbstractPage [main] Даты мероприятий больше текущей даты
2022-05-14 20:14:00,004 INFO p.AbstractPage [main] Мероприятия отсортированы по типу ДОД
2022-05-14 20:14:00,248 INFO p.AbstractPage [main] На странице отображаются карточки предстоящих мероприятий. На каждой карточке в типе указанно "День открытых дверей"
2022-05-14 20:31:14,193 INFO u.DriverManager [main] Драйвер поднят с опциями = [start-maximized]
2022-05-14 20:31:19,522 INFO p.AbstractPage [main] Открыта страница курсов Тестирование
2022-05-14 20:31:19,594 INFO p.AbstractPage [main] Количество курсов на странице = 11
2022-05-14 20:31:22,446 INFO p.AbstractPage [main] Открыта страница курсов
2022-05-14 20:31:22,486 INFO p.AbstractPage [main] На странице отображается корректное название курсов
2022-05-14 20:31:22,743 INFO p.AbstractPage [main] На странице отображается корректная продолжительность курсов
2022-05-14 20:31:22,777 INFO p.AbstractPage [main] На странице отображается корректное описание курсов
2022-05-14 20:31:24,824 INFO p.AbstractPage [main] Открыта страница предстоящих мероприятий
2022-05-14 20:31:24,856 INFO p.AbstractPage [main] На странице отображаются карточки предстоящих мероприятий
2022-05-14 20:31:24,974 INFO p.AbstractPage [main] У курса с наименованием = "Интенсив Специализации Machine Learning. Первый день." дата проведения корректна - 2022-05-16
2022-05-14 20:31:25,059 INFO p.AbstractPage [main] У курса с наименованием = "Открытый урок "Возможно ли общаться с коллегами без конфликтов?"" дата проведения корректна - 2022-05-16
2022-05-14 20:31:25,145 INFO p.AbstractPage [main] У курса с наименованием = "Открытый урок «Validation Framework в Spring»" дата проведения корректна - 2022-05-16
2022-05-14 20:31:25,227 INFO p.AbstractPage [main] У курса с наименованием = "Структуры языка Golang" дата проведения корректна - 2022-05-16
2022-05-14 20:31:25,319 INFO p.AbstractPage [main] У курса с наименованием = "Работа с сетью" дата проведения корректна - 2022-05-16
2022-05-14 20:31:25,408 INFO p.AbstractPage [main] У курса с наименованием = "Интенсив Специализации Machine Learning. Второй день." дата проведения корректна - 2022-05-17
2022-05-14 20:31:25,497 INFO p.AbstractPage [main] У курса с наименованием = "Docker для Python разработчика" дата проведения корректна - 2022-05-17
2022-05-14 20:31:25,594 INFO p.AbstractPage [main] У курса с наименованием = "От виртуализации к контейнеризации. Введение в Docker." дата проведения корректна - 2022-05-17
2022-05-14 20:31:25,686 INFO p.AbstractPage [main] У курса с наименованием = "«Индексы MySQL»" дата проведения корректна - 2022-05-17
2022-05-14 20:31:25,766 INFO p.AbstractPage [main] У курса с наименованием = "Разработка RPA-решений на платформе PIX" дата проведения корректна - 2022-05-17
2022-05-14 20:31:25,846 INFO p.AbstractPage [main] У курса с наименованием = "Понятие "состояние" в шаблонах проектирования" дата проведения корректна - 2022-05-18
2022-05-14 20:31:25,922 INFO p.AbstractPage [main] У курса с наименованием = "Пишем простой фоторедактор для iOS" дата проведения корректна - 2022-05-18
2022-05-14 20:31:26,000 INFO p.AbstractPage [main] У курса с наименованием = "Открытый урок «Подводные камни поиска работы за рубежом в IT»" дата проведения корректна - 2022-05-18
2022-05-14 20:31:26,079 INFO p.AbstractPage [main] У курса с наименованием = "Пишем простой фоторедактор для iOS" дата проведения корректна - 2022-05-18
2022-05-14 20:31:26,156 INFO p.AbstractPage [main] У курса с наименованием = "Открытый урок "Знакомство с Jupyter Notebook, основы Python"" дата проведения корректна - 2022-05-18
2022-05-14 20:31:26,233 INFO p.AbstractPage [main] У курса с наименованием = "Разработка RPA-решений на платформе PIX" дата проведения корректна - 2022-05-18
2022-05-14 20:31:26,308 INFO p.AbstractPage [main] У курса с наименованием = "Открытый урок «Техники оценки Agile проектов для различных контекстов»" дата проведения корректна - 2022-05-19
2022-05-14 20:31:26,387 INFO p.AbstractPage [main] У курса с наименованием = "Работа с базой данных с помощью Entity Framework Core" дата проведения корректна - 2022-05-19
2022-05-14 20:31:26,484 INFO p.AbstractPage [main] У курса с наименованием = "Тестирование API с RestAssured." дата проведения корректна - 2022-05-19
2022-05-14 20:31:26,572 INFO p.AbstractPage [main] У курса с наименованием = "К чему должен быть готов начинающий нарративный дизайнер?" дата проведения корректна - 2022-05-19
2022-05-14 20:31:26,572 INFO p.AbstractPage [main] Даты мероприятий больше текущей даты
2022-05-14 20:31:27,428 INFO p.AbstractPage [main] Мероприятия отсортированы по типу ДОД
2022-05-14 20:31:27,466 INFO p.AbstractPage [main] На странице отображаются карточки предстоящих мероприятий. На каждой карточке в типе указанно "День открытых дверей"
2022-05-14 20:44:24,355 INFO u.DriverManager [main] Драйвер поднят с опциями = [start-maximized]
2022-05-14 20:52:01,331 INFO u.DriverManager [main] Драйвер поднят с опциями = [start-maximized]
2022-05-14 21:48:34,080 INFO u.DriverManager [main] Драйвер поднят с опциями = [start-maximized]
2022-05-14 21:49:42,464 INFO u.DriverManager [main] Драйвер поднят с опциями = [start-maximized]
2022-05-14 21:49:49,227 INFO p.AbstractPage [main] Открыта страница курсов Тестирование
2022-05-14 21:49:49,302 INFO p.AbstractPage [main] Количество курсов на странице = 11
2022-05-14 21:49:52,147 INFO p.AbstractPage [main] Открыта страница курсов
2022-05-14 21:49:52,449 INFO p.AbstractPage [main] На странице отображается корректное название курсов
2022-05-14 21:49:52,512 INFO p.AbstractPage [main] На странице отображается корректная продолжительность курсов
2022-05-14 21:49:52,545 INFO p.AbstractPage [main] На странице отображается корректное описание курсов
2022-05-14 21:49:54,036 INFO p.AbstractPage [main] Открыта страница предстоящих мероприятий
2022-05-14 21:49:54,069 INFO p.AbstractPage [main] На странице отображаются карточки предстоящих мероприятий
2022-05-14 21:49:54,203 INFO p.AbstractPage [main] У курса с наименованием = "Интенсив Специализации Machine Learning. Первый день." дата проведения корректна - 2022-05-16
2022-05-14 21:49:54,298 INFO p.AbstractPage [main] У курса с наименованием = "Открытый урок "Возможно ли общаться с коллегами без конфликтов?"" дата проведения корректна - 2022-05-16
2022-05-14 21:49:54,397 INFO p.AbstractPage [main] У курса с наименованием = "Открытый урок «Validation Framework в Spring»" дата проведения корректна - 2022-05-16
2022-05-14 21:49:54,492 INFO p.AbstractPage [main] У курса с наименованием = "Структуры языка Golang" дата проведения корректна - 2022-05-16
2022-05-14 21:49:54,594 INFO p.AbstractPage [main] У курса с наименованием = "Работа с сетью" дата проведения корректна - 2022-05-16
2022-05-14 21:49:54,690 INFO p.AbstractPage [main] У курса с наименованием = "Интенсив Специализации Machine Learning. Второй день." дата проведения корректна - 2022-05-17
2022-05-14 21:49:54,781 INFO p.AbstractPage [main] У курса с наименованием = "Docker для Python разработчика" дата проведения корректна - 2022-05-17
2022-05-14 21:49:54,874 INFO p.AbstractPage [main] У курса с наименованием = "От виртуализации к контейнеризации. Введение в Docker." дата проведения корректна - 2022-05-17
2022-05-14 21:49:54,975 INFO p.AbstractPage [main] У курса с наименованием = "«Индексы MySQL»" дата проведения корректна - 2022-05-17
2022-05-14 21:49:55,072 INFO p.AbstractPage [main] У курса с наименованием = "Разработка RPA-решений на платформе PIX" дата проведения корректна - 2022-05-17
2022-05-14 21:49:55,161 INFO p.AbstractPage [main] У курса с наименованием = "Понятие "состояние" в шаблонах проектирования" дата проведения корректна - 2022-05-18
2022-05-14 21:49:55,247 INFO p.AbstractPage [main] У курса с наименованием = "Пишем простой фоторедактор для iOS" дата проведения корректна - 2022-05-18
2022-05-14 21:49:55,332 INFO p.AbstractPage [main] У курса с наименованием = "Открытый урок «Подводные камни поиска работы за рубежом в IT»" дата проведения корректна - 2022-05-18
2022-05-14 21:49:55,422 INFO p.AbstractPage [main] У курса с наименованием = "Пишем простой фоторедактор для iOS" дата проведения корректна - 2022-05-18
2022-05-14 21:49:55,525 INFO p.AbstractPage [main] У курса с наименованием = "Открытый урок "Знакомство с Jupyter Notebook, основы Python"" дата проведения корректна - 2022-05-18
2022-05-14 21:49:56,128 INFO p.AbstractPage [main] У курса с наименованием = "Разработка RPA-решений на платформе PIX" дата проведения корректна - 2022-05-18
2022-05-14 21:49:56,303 INFO p.AbstractPage [main] У курса с наименованием = "Открытый урок «Техники оценки Agile проектов для различных контекстов»" дата проведения корректна - 2022-05-19
2022-05-14 21:49:56,445 INFO p.AbstractPage [main] У курса с наименованием = "Работа с базой данных с помощью Entity Framework Core" дата проведения корректна - 2022-05-19
2022-05-14 21:49:56,568 INFO p.AbstractPage [main] У курса с наименованием = "Тестирование API с RestAssured." дата проведения корректна - 2022-05-19
2022-05-14 21:49:56,684 INFO p.AbstractPage [main] У курса с наименованием = "К чему должен быть готов начинающий нарративный дизайнер?" дата проведения корректна - 2022-05-19
2022-05-14 21:49:56,685 INFO p.AbstractPage [main] Даты мероприятий больше текущей даты
2022-05-14 21:49:57,788 INFO p.AbstractPage [main] Мероприятия отсортированы по типу ДОД
2022-05-14 21:49:57,830 INFO p.AbstractPage [main] На странице отображаются карточки предстоящих мероприятий. На каждой карточке в типе указанно "День открытых дверей"
2022-05-14 22:01:20,804 INFO u.DriverManager [main] Драйвер поднят с опциями = [start-maximized]
2022-05-14 22:01:57,076 INFO p.AbstractPage [main] Открыта страница курсов Тестирование
2022-05-14 22:01:57,191 INFO p.AbstractPage [main] Количество курсов на странице = 11
2022-05-14 22:02:00,718 INFO p.AbstractPage [main] Открыта страница курсов
2022-05-14 22:02:00,767 INFO p.AbstractPage [main] На странице отображается корректное название курсов
2022-05-14 22:02:01,074 INFO p.AbstractPage [main] На странице отображается корректная продолжительность курсов
2022-05-14 22:02:01,111 INFO p.AbstractPage [main] На странице отображается корректное описание курсов
2022-05-14 22:02:03,209 INFO p.AbstractPage [main] Открыта страница предстоящих мероприятий
2022-05-14 22:02:03,458 INFO p.AbstractPage [main] На странице отображаются карточки предстоящих мероприятий
2022-05-14 22:02:03,580 INFO p.AbstractPage [main] У курса с наименованием = "Интенсив Специализации Machine Learning. Первый день." дата проведения корректна - 2022-05-16
2022-05-14 22:02:03,667 INFO p.AbstractPage [main] У курса с наименованием = "Открытый урок "Возможно ли общаться с коллегами без конфликтов?"" дата проведения корректна - 2022-05-16
2022-05-14 22:02:03,757 INFO p.AbstractPage [main] У курса с наименованием = "Открытый урок «Validation Framework в Spring»" дата проведения корректна - 2022-05-16
2022-05-14 22:02:03,845 INFO p.AbstractPage [main] У курса с наименованием = "Структуры языка Golang" дата проведения корректна - 2022-05-16
2022-05-14 22:02:03,941 INFO p.AbstractPage [main] У курса с наименованием = "Работа с сетью" дата проведения корректна - 2022-05-16
2022-05-14 22:02:04,039 INFO p.AbstractPage [main] У курса с наименованием = "Интенсив Специализации Machine Learning. Второй день." дата проведения корректна - 2022-05-17
2022-05-14 22:02:04,127 INFO p.AbstractPage [main] У курса с наименованием = "Docker для Python разработчика" дата проведения корректна - 2022-05-17
2022-05-14 22:02:04,208 INFO p.AbstractPage [main] У курса с наименованием = "От виртуализации к контейнеризации. Введение в Docker." дата проведения корректна - 2022-05-17
2022-05-14 22:02:04,288 INFO p.AbstractPage [main] У курса с наименованием = "«Индексы MySQL»" дата проведения корректна - 2022-05-17
2022-05-14 22:02:04,374 INFO p.AbstractPage [main] У курса с наименованием = "Разработка RPA-решений на платформе PIX" дата проведения корректна - 2022-05-17
2022-05-14 22:02:04,464 INFO p.AbstractPage [main] У курса с наименованием = "Понятие "состояние" в шаблонах проектирования" дата проведения корректна - 2022-05-18
2022-05-14 22:02:04,544 INFO p.AbstractPage [main] У курса с наименованием = "Пишем простой фоторедактор для iOS" дата проведения корректна - 2022-05-18
2022-05-14 22:02:04,623 INFO p.AbstractPage [main] У курса с наименованием = "Открытый урок «Подводные камни поиска работы за рубежом в IT»" дата проведения корректна - 2022-05-18
2022-05-14 22:02:04,705 INFO p.AbstractPage [main] У курса с наименованием = "Пишем простой фоторедактор для iOS" дата проведения корректна - 2022-05-18
2022-05-14 22:02:04,790 INFO p.AbstractPage [main] У курса с наименованием = "Открытый урок "Знакомство с Jupyter Notebook, основы Python"" дата проведения корректна - 2022-05-18
2022-05-14 22:02:04,870 INFO p.AbstractPage [main] У курса с наименованием = "Разработка RPA-решений на платформе PIX" дата проведения корректна - 2022-05-18
2022-05-14 22:02:04,950 INFO p.AbstractPage [main] У курса с наименованием = "Открытый урок «Техники оценки Agile проектов для различных контекстов»" дата проведения корректна - 2022-05-19
2022-05-14 22:02:05,030 INFO p.AbstractPage [main] У курса с наименованием = "Работа с базой данных с помощью Entity Framework Core" дата проведения корректна - 2022-05-19
2022-05-14 22:02:05,151 INFO p.AbstractPage [main] У курса с наименованием = "Тестирование API с RestAssured." дата проведения корректна - 2022-05-19
2022-05-14 22:02:05,238 INFO p.AbstractPage [main] У курса с наименованием = "К чему должен быть готов начинающий нарративный дизайнер?" дата проведения корректна - 2022-05-19
2022-05-14 22:02:05,239 INFO p.AbstractPage [main] Даты мероприятий больше текущей даты
2022-05-14 22:12:07,265 INFO u.DriverManager [main] Драйвер поднят с опциями = [start-maximized]
2022-05-14 22:12:31,957 INFO u.DriverManager [main] Драйвер поднят с опциями = [start-maximized]
2022-05-14 22:12:38,588 INFO p.AbstractPage [main] Открыта страница курсов Тестирование
2022-05-14 22:12:38,854 INFO p.AbstractPage [main] Количество курсов на странице = 11
2022-05-14 22:12:41,628 INFO p.AbstractPage [main] Открыта страница курсов
2022-05-14 22:12:42,042 INFO p.AbstractPage [main] На странице отображается корректное название курсов
2022-05-14 22:12:42,105 INFO p.AbstractPage [main] На странице отображается корректная продолжительность курсов
2022-05-14 22:12:42,133 INFO p.AbstractPage [main] На странице отображается корректное описание курсов
2022-05-14 22:12:43,859 INFO p.AbstractPage [main] Открыта страница предстоящих мероприятий
2022-05-14 22:12:43,890 INFO p.AbstractPage [main] На странице отображаются карточки предстоящих мероприятий
2022-05-14 22:12:44,009 INFO p.AbstractPage [main] У курса с наименованием = "Интенсив Специализации Machine Learning. Первый день." дата проведения корректна - 2022-05-16
2022-05-14 22:12:44,104 INFO p.AbstractPage [main] У курса с наименованием = "Открытый урок "Возможно ли общаться с коллегами без конфликтов?"" дата проведения корректна - 2022-05-16
2022-05-14 22:12:44,191 INFO p.AbstractPage [main] У курса с наименованием = "Открытый урок «Validation Framework в Spring»" дата проведения корректна - 2022-05-16
2022-05-14 22:12:44,284 INFO p.AbstractPage [main] У курса с наименованием = "Структуры языка Golang" дата проведения корректна - 2022-05-16
2022-05-14 22:12:44,406 INFO p.AbstractPage [main] У курса с наименованием = "Работа с сетью" дата проведения корректна - 2022-05-16
2022-05-14 22:12:44,511 INFO p.AbstractPage [main] У курса с наименованием = "Интенсив Специализации Machine Learning. Второй день." дата проведения корректна - 2022-05-17
2022-05-14 22:12:44,591 INFO p.AbstractPage [main] У курса с наименованием = "Docker для Python разработчика" дата проведения корректна - 2022-05-17
2022-05-14 22:12:44,674 INFO p.AbstractPage [main] У курса с наименованием = "От виртуализации к контейнеризации. Введение в Docker." дата проведения корректна - 2022-05-17
2022-05-14 22:12:44,755 INFO p.AbstractPage [main] У курса с наименованием = "«Индексы MySQL»" дата проведения корректна - 2022-05-17
2022-05-14 22:12:44,837 INFO p.AbstractPage [main] У курса с наименованием = "Разработка RPA-решений на платформе PIX" дата проведения корректна - 2022-05-17
2022-05-14 22:12:44,918 INFO p.AbstractPage [main] У курса с наименованием = "Понятие "состояние" в шаблонах проектирования" дата проведения корректна - 2022-05-18
2022-05-14 22:12:45,002 INFO p.AbstractPage [main] У курса с наименованием = "Пишем простой фоторедактор для iOS" дата проведения корректна - 2022-05-18
2022-05-14 22:12:45,080 INFO p.AbstractPage [main] У курса с наименованием = "Открытый урок «Подводные камни поиска работы за рубежом в IT»" дата проведения корректна - 2022-05-18
2022-05-14 22:12:45,161 INFO p.AbstractPage [main] У курса с наименованием = "Пишем простой фоторедактор для iOS" дата проведения корректна - 2022-05-18
2022-05-14 22:12:45,246 INFO p.AbstractPage [main] У курса с наименованием = "Открытый урок "Знакомство с Jupyter Notebook, основы Python"" дата проведения корректна - 2022-05-18
2022-05-14 22:12:45,325 INFO p.AbstractPage [main] У курса с наименованием = "Разработка RPA-решений на платформе PIX" дата проведения корректна - 2022-05-18
2022-05-14 22:12:45,414 INFO p.AbstractPage [main] У курса с наименованием = "Открытый урок «Техники оценки Agile проектов для различных контекстов»" дата проведения корректна - 2022-05-19
2022-05-14 22:12:45,502 INFO p.AbstractPage [main] У курса с наименованием = "Работа с базой данных с помощью Entity Framework Core" дата проведения корректна - 2022-05-19
2022-05-14 22:12:45,598 INFO p.AbstractPage [main] У курса с наименованием = "Тестирование API с RestAssured." дата проведения корректна - 2022-05-19
2022-05-14 22:12:45,689 INFO p.AbstractPage [main] У курса с наименованием = "К чему должен быть готов начинающий нарративный дизайнер?" дата проведения корректна - 2022-05-19
2022-05-14 22:12:45,689 INFO p.AbstractPage [main] Даты мероприятий больше текущей даты
2022-05-14 22:14:28,998 INFO u.DriverManager [main] Драйвер поднят с опциями = [start-maximized]
2022-05-14 22:14:34,808 INFO p.AbstractPage [main] Открыта страница курсов Тестирование
2022-05-14 22:14:34,850 INFO p.AbstractPage [main] Количество курсов на странице = 11
2022-05-14 22:14:37,257 INFO p.AbstractPage [main] Открыта страница курсов
2022-05-14 22:14:37,550 INFO p.AbstractPage [main] На странице отображается корректное название курсов
2022-05-14 22:14:37,601 INFO p.AbstractPage [main] На странице отображается корректная продолжительность курсов
2022-05-14 22:14:37,640 INFO p.AbstractPage [main] На странице отображается корректное описание курсов
2022-05-14 22:14:39,047 INFO p.AbstractPage [main] Открыта страница предстоящих мероприятий
2022-05-14 22:14:39,079 INFO p.AbstractPage [main] На странице отображаются карточки предстоящих мероприятий
2022-05-14 22:14:39,197 INFO p.AbstractPage [main] У курса с наименованием = "Интенсив Специализации Machine Learning. Первый день." дата проведения корректна - 2022-05-16
2022-05-14 22:14:39,290 INFO p.AbstractPage [main] У курса с наименованием = "Открытый урок "Возможно ли общаться с коллегами без конфликтов?"" дата проведения корректна - 2022-05-16
2022-05-14 22:14:39,379 INFO p.AbstractPage [main] У курса с наименованием = "Открытый урок «Validation Framework в Spring»" дата проведения корректна - 2022-05-16
2022-05-14 22:14:39,476 INFO p.AbstractPage [main] У курса с наименованием = "Структуры языка Golang" дата проведения корректна - 2022-05-16
2022-05-14 22:14:39,569 INFO p.AbstractPage [main] У курса с наименованием = "Работа с сетью" дата проведения корректна - 2022-05-16
2022-05-14 22:14:39,659 INFO p.AbstractPage [main] У курса с наименованием = "Интенсив Специализации Machine Learning. Второй день." дата проведения корректна - 2022-05-17
2022-05-14 22:14:39,741 INFO p.AbstractPage [main] У курса с наименованием = "Docker для Python разработчика" дата проведения корректна - 2022-05-17
2022-05-14 22:14:39,833 INFO p.AbstractPage [main] У курса с наименованием = "От виртуализации к контейнеризации. Введение в Docker." дата проведения корректна - 2022-05-17
2022-05-14 22:14:39,921 INFO p.AbstractPage [main] У курса с наименованием = "«Индексы MySQL»" дата проведения корректна - 2022-05-17
2022-05-14 22:14:40,001 INFO p.AbstractPage [main] У курса с наименованием = "Разработка RPA-решений на платформе PIX" дата проведения корректна - 2022-05-17
2022-05-14 22:14:40,082 INFO p.AbstractPage [main] У курса с наименованием = "Понятие "состояние" в шаблонах проектирования" дата проведения корректна - 2022-05-18
2022-05-14 22:14:40,160 INFO p.AbstractPage [main] У курса с наименованием = "Пишем простой фоторедактор для iOS" дата проведения корректна - 2022-05-18
2022-05-14 22:14:40,236 INFO p.AbstractPage [main] У курса с наименованием = "Открытый урок «Подводные камни поиска работы за рубежом в IT»" дата проведения корректна - 2022-05-18
2022-05-14 22:14:40,315 INFO p.AbstractPage [main] У курса с наименованием = "Пишем простой фоторедактор для iOS" дата проведения корректна - 2022-05-18
2022-05-14 22:14:40,399 INFO p.AbstractPage [main] У курса с наименованием = "Открытый урок "Знакомство с Jupyter Notebook, основы Python"" дата проведения корректна - 2022-05-18
2022-05-14 22:14:40,477 INFO p.AbstractPage [main] У курса с наименованием = "Разработка RPA-решений на платформе PIX" дата проведения корректна - 2022-05-18
2022-05-14 22:14:40,567 INFO p.AbstractPage [main] У курса с наименованием = "Открытый урок «Техники оценки Agile проектов для различных контекстов»" дата проведения корректна - 2022-05-19
2022-05-14 22:14:40,649 INFO p.AbstractPage [main] У курса с наименованием = "Работа с базой данных с помощью Entity Framework Core" дата проведения корректна - 2022-05-19
2022-05-14 22:14:40,740 INFO p.AbstractPage [main] У курса с наименованием = "Тестирование API с RestAssured." дата проведения корректна - 2022-05-19
2022-05-14 22:14:40,830 INFO p.AbstractPage [main] У курса с наименованием = "К чему должен быть готов начинающий нарративный дизайнер?" дата проведения корректна - 2022-05-19
2022-05-14 22:14:40,830 INFO p.AbstractPage [main] Даты мероприятий больше текущей даты
2022-05-14 22:16:05,265 INFO u.DriverManager [main] Драйвер поднят с опциями = [start-maximized]
2022-05-14 22:16:11,791 INFO p.AbstractPage [main] Открыта страница курсов Тестирование
2022-05-14 22:16:11,862 INFO p.AbstractPage [main] Количество курсов на странице = 11
2022-05-14 22:16:14,962 INFO p.AbstractPage [main] Открыта страница курсов
2022-05-14 22:16:15,221 INFO p.AbstractPage [main] На странице отображается корректное название курсов
2022-05-14 22:16:15,293 INFO p.AbstractPage [main] На странице отображается корректная продолжительность курсов
2022-05-14 22:16:15,324 INFO p.AbstractPage [main] На странице отображается корректное описание курсов
2022-05-14 22:16:16,668 INFO p.AbstractPage [main] Открыта страница предстоящих мероприятий
2022-05-14 22:16:16,703 INFO p.AbstractPage [main] На странице отображаются карточки предстоящих мероприятий
2022-05-14 22:16:16,829 INFO p.AbstractPage [main] У курса с наименованием = "Интенсив Специализации Machine Learning. Первый день." дата проведения корректна - 2022-05-16
2022-05-14 22:16:16,914 INFO p.AbstractPage [main] У курса с наименованием = "Открытый урок "Возможно ли общаться с коллегами без конфликтов?"" дата проведения корректна - 2022-05-16
2022-05-14 22:16:17,000 INFO p.AbstractPage [main] У курса с наименованием = "Открытый урок «Validation Framework в Spring»" дата проведения корректна - 2022-05-16
2022-05-14 22:16:17,089 INFO p.AbstractPage [main] У курса с наименованием = "Структуры языка Golang" дата проведения корректна - 2022-05-16
2022-05-14 22:16:17,187 INFO p.AbstractPage [main] У курса с наименованием = "Работа с сетью" дата проведения корректна - 2022-05-16
2022-05-14 22:16:17,280 INFO p.AbstractPage [main] У курса с наименованием = "Интенсив Специализации Machine Learning. Второй день." дата проведения корректна - 2022-05-17
2022-05-14 22:16:17,368 INFO p.AbstractPage [main] У курса с наименованием = "Docker для Python разработчика" дата проведения корректна - 2022-05-17
2022-05-14 22:16:17,458 INFO p.AbstractPage [main] У курса с наименованием = "От виртуализации к контейнеризации. Введение в Docker." дата проведения корректна - 2022-05-17
2022-05-14 22:16:17,541 INFO p.AbstractPage [main] У курса с наименованием = "«Индексы MySQL»" дата проведения корректна - 2022-05-17
2022-05-14 22:16:17,621 INFO p.AbstractPage [main] У курса с наименованием = "Разработка RPA-решений на платформе PIX" дата проведения корректна - 2022-05-17
2022-05-14 22:16:17,703 INFO p.AbstractPage [main] У курса с наименованием = "Понятие "состояние" в шаблонах проектирования" дата проведения корректна - 2022-05-18
2022-05-14 22:16:17,789 INFO p.AbstractPage [main] У курса с наименованием = "Пишем простой фоторедактор для iOS" дата проведения корректна - 2022-05-18
2022-05-14 22:16:17,874 INFO p.AbstractPage [main] У курса с наименованием = "Открытый урок «Подводные камни поиска работы за рубежом в IT»" дата проведения корректна - 2022-05-18
2022-05-14 22:16:17,957 INFO p.AbstractPage [main] У курса с наименованием = "Пишем простой фоторедактор для iOS" дата проведения корректна - 2022-05-18
2022-05-14 22:16:18,041 INFO p.AbstractPage [main] У курса с наименованием = "Открытый урок "Знакомство с Jupyter Notebook, основы Python"" дата проведения корректна - 2022-05-18
2022-05-14 22:16:18,121 INFO p.AbstractPage [main] У курса с наименованием = "Разработка RPA-решений на платформе PIX" дата проведения корректна - 2022-05-18
2022-05-14 22:16:18,202 INFO p.AbstractPage [main] У курса с наименованием = "Открытый урок «Техники оценки Agile проектов для различных контекстов»" дата проведения корректна - 2022-05-19
2022-05-14 22:16:18,284 INFO p.AbstractPage [main] У курса с наименованием = "Работа с базой данных с помощью Entity Framework Core" дата проведения корректна - 2022-05-19
2022-05-14 22:16:18,375 INFO p.AbstractPage [main] У курса с наименованием = "Тестирование API с RestAssured." дата проведения корректна - 2022-05-19
2022-05-14 22:16:18,466 INFO p.AbstractPage [main] У курса с наименованием = "К чему должен быть готов начинающий нарративный дизайнер?" дата проведения корректна - 2022-05-19
2022-05-14 22:16:18,466 INFO p.AbstractPage [main] Даты мероприятий больше текущей даты
2022-05-14 22:17:41,827 INFO u.DriverManager [main] Драйвер поднят с опциями = [start-maximized]
2022-05-14 22:18:18,319 INFO p.AbstractPage [main] Открыта страница курсов Тестирование
2022-05-14 22:18:18,603 INFO p.AbstractPage [main] Количество курсов на странице = 11
2022-05-14 22:18:22,177 INFO p.AbstractPage [main] Открыта страница курсов
2022-05-14 22:18:22,493 INFO p.AbstractPage [main] На странице отображается корректное название курсов
2022-05-14 22:18:22,571 INFO p.AbstractPage [main] На странице отображается корректная продолжительность курсов
2022-05-14 22:18:22,622 INFO p.AbstractPage [main] На странице отображается корректное описание курсов
2022-05-14 22:18:25,393 INFO p.AbstractPage [main] Открыта страница предстоящих мероприятий
2022-05-14 22:18:25,428 INFO p.AbstractPage [main] На странице отображаются карточки предстоящих мероприятий
2022-05-14 22:18:25,541 INFO p.AbstractPage [main] У курса с наименованием = "Интенсив Специализации Machine Learning. Первый день." дата проведения корректна - 2022-05-16
2022-05-14 22:18:25,624 INFO p.AbstractPage [main] У курса с наименованием = "Открытый урок "Возможно ли общаться с коллегами без конфликтов?"" дата проведения корректна - 2022-05-16
2022-05-14 22:18:25,727 INFO p.AbstractPage [main] У курса с наименованием = "Открытый урок «Validation Framework в Spring»" дата проведения корректна - 2022-05-16
2022-05-14 22:18:25,821 INFO p.AbstractPage [main] У курса с наименованием = "Структуры языка Golang" дата проведения корректна - 2022-05-16
2022-05-14 22:18:25,915 INFO p.AbstractPage [main] У курса с наименованием = "Работа с сетью" дата проведения корректна - 2022-05-16
2022-05-14 22:18:26,006 INFO p.AbstractPage [main] У курса с наименованием = "Интенсив Специализации Machine Learning. Второй день." дата проведения корректна - 2022-05-17
2022-05-14 22:18:26,083 INFO p.AbstractPage [main] У курса с наименованием = "Docker для Python разработчика" дата проведения корректна - 2022-05-17
2022-05-14 22:18:26,165 INFO p.AbstractPage [main] У курса с наименованием = "От виртуализации к контейнеризации. Введение в Docker." дата проведения корректна - 2022-05-17
2022-05-14 22:18:26,250 INFO p.AbstractPage [main] У курса с наименованием = "«Индексы MySQL»" дата проведения корректна - 2022-05-17
2022-05-14 22:18:26,330 INFO p.AbstractPage [main] У курса с наименованием = "Разработка RPA-решений на платформе PIX" дата проведения корректна - 2022-05-17
2022-05-14 22:18:26,414 INFO p.AbstractPage [main] У курса с наименованием = "Понятие "состояние" в шаблонах проектирования" дата проведения корректна - 2022-05-18
2022-05-14 22:18:26,506 INFO p.AbstractPage [main] У курса с наименованием = "Пишем простой фоторедактор для iOS" дата проведения корректна - 2022-05-18
2022-05-14 22:18:26,589 INFO p.AbstractPage [main] У курса с наименованием = "Открытый урок «Подводные камни поиска работы за рубежом в IT»" дата проведения корректна - 2022-05-18
2022-05-14 22:18:26,671 INFO p.AbstractPage [main] У курса с наименованием = "Пишем простой фоторедактор для iOS" дата проведения корректна - 2022-05-18
2022-05-14 22:18:26,758 INFO p.AbstractPage [main] У курса с наименованием = "Открытый урок "Знакомство с Jupyter Notebook, основы Python"" дата проведения корректна - 2022-05-18
2022-05-14 22:18:26,837 INFO p.AbstractPage [main] У курса с наименованием = "Разработка RPA-решений на платформе PIX" дата проведения корректна - 2022-05-18
2022-05-14 22:18:26,917 INFO p.AbstractPage [main] У курса с наименованием = "Открытый урок «Техники оценки Agile проектов для различных контекстов»" дата проведения корректна - 2022-05-19
2022-05-14 22:18:27,011 INFO p.AbstractPage [main] У курса с наименованием = "Работа с базой данных с помощью Entity Framework Core" дата проведения корректна - 2022-05-19
2022-05-14 22:18:27,088 INFO p.AbstractPage [main] У курса с наименованием = "Тестирование API с RestAssured." дата проведения корректна - 2022-05-19
2022-05-14 22:18:27,182 INFO p.AbstractPage [main] У курса с наименованием = "К чему должен быть готов начинающий нарративный дизайнер?" дата проведения корректна - 2022-05-19
2022-05-14 22:18:27,182 INFO p.AbstractPage [main] Даты мероприятий больше текущей даты
2022-05-14 22:18:28,945 INFO p.AbstractPage [main] Мероприятия отсортированы по типу ДОД
2022-05-14 22:19:30,664 INFO u.DriverManager [main] Драйвер поднят с опциями = [start-maximized]
2022-05-14 22:19:36,587 INFO p.AbstractPage [main] Открыта страница курсов Тестирование
2022-05-14 22:19:36,661 INFO p.AbstractPage [main] Количество курсов на странице = 11
2022-05-14 22:19:39,316 INFO p.AbstractPage [main] Открыта страница курсов
2022-05-14 22:19:39,568 INFO p.AbstractPage [main] На странице отображается корректное название курсов
2022-05-14 22:19:39,628 INFO p.AbstractPage [main] На странице отображается корректная продолжительность курсов
2022-05-14 22:19:39,663 INFO p.AbstractPage [main] На странице отображается корректное описание курсов
2022-05-14 22:19:41,061 INFO p.AbstractPage [main] Открыта страница предстоящих мероприятий
2022-05-14 22:19:41,099 INFO p.AbstractPage [main] На странице отображаются карточки предстоящих мероприятий
2022-05-14 22:19:41,231 INFO p.AbstractPage [main] У курса с наименованием = "Интенсив Специализации Machine Learning. Первый день." дата проведения корректна - 2022-05-16
2022-05-14 22:19:41,325 INFO p.AbstractPage [main] У курса с наименованием = "Открытый урок "Возможно ли общаться с коллегами без конфликтов?"" дата проведения корректна - 2022-05-16
2022-05-14 22:19:41,429 INFO p.AbstractPage [main] У курса с наименованием = "Открытый урок «Validation Framework в Spring»" дата проведения корректна - 2022-05-16
2022-05-14 22:19:41,527 INFO p.AbstractPage [main] У курса с наименованием = "Структуры языка Golang" дата проведения корректна - 2022-05-16
2022-05-14 22:19:41,622 INFO p.AbstractPage [main] У курса с наименованием = "Работа с сетью" дата проведения корректна - 2022-05-16
2022-05-14 22:19:41,711 INFO p.AbstractPage [main] У курса с наименованием = "Интенсив Специализации Machine Learning. Второй день." дата проведения корректна - 2022-05-17
2022-05-14 22:19:41,798 INFO p.AbstractPage [main] У курса с наименованием = "Docker для Python разработчика" дата проведения корректна - 2022-05-17
2022-05-14 22:19:41,883 INFO p.AbstractPage [main] У курса с наименованием = "От виртуализации к контейнеризации. Введение в Docker." дата проведения корректна - 2022-05-17
2022-05-14 22:19:41,962 INFO p.AbstractPage [main] У курса с наименованием = "«Индексы MySQL»" дата проведения корректна - 2022-05-17
2022-05-14 22:19:42,049 INFO p.AbstractPage [main] У курса с наименованием = "Разработка RPA-решений на платформе PIX" дата проведения корректна - 2022-05-17
2022-05-14 22:19:42,129 INFO p.AbstractPage [main] У курса с наименованием = "Понятие "состояние" в шаблонах проектирования" дата проведения корректна - 2022-05-18
2022-05-14 22:19:42,211 INFO p.AbstractPage [main] У курса с наименованием = "Пишем простой фоторедактор для iOS" дата проведения корректна - 2022-05-18
2022-05-14 22:19:42,303 INFO p.AbstractPage [main] У курса с наименованием = "Открытый урок «Подводные камни поиска работы за рубежом в IT»" дата проведения корректна - 2022-05-18
2022-05-14 22:19:42,397 INFO p.AbstractPage [main] У курса с наименованием = "Пишем простой фоторедактор для iOS" дата проведения корректна - 2022-05-18
2022-05-14 22:19:42,474 INFO p.AbstractPage [main] У курса с наименованием = "Открытый урок "Знакомство с Jupyter Notebook, основы Python"" дата проведения корректна - 2022-05-18
2022-05-14 22:19:42,551 INFO p.AbstractPage [main] У курса с наименованием = "Разработка RPA-решений на платформе PIX" дата проведения корректна - 2022-05-18
2022-05-14 22:19:42,631 INFO p.AbstractPage [main] У курса с наименованием = "Открытый урок «Техники оценки Agile проектов для различных контекстов»" дата проведения корректна - 2022-05-19
2022-05-14 22:19:42,717 INFO p.AbstractPage [main] У курса с наименованием = "Работа с базой данных с помощью Entity Framework Core" дата проведения корректна - 2022-05-19
2022-05-14 22:19:42,803 INFO p.AbstractPage [main] У курса с наименованием = "Тестирование API с RestAssured." дата проведения корректна - 2022-05-19
2022-05-14 22:19:42,895 INFO p.AbstractPage [main] У курса с наименованием = "К чему должен быть готов начинающий нарративный дизайнер?" дата проведения корректна - 2022-05-19
2022-05-14 22:19:42,895 INFO p.AbstractPage [main] Даты мероприятий больше текущей даты
2022-05-14 22:19:44,313 INFO p.AbstractPage [main] Мероприятия отсортированы по типу ДОД
2022-05-14 22:19:44,356 INFO p.AbstractPage [main] На странице отображаются карточки предстоящих мероприятий. На каждой карточке в типе указанноДень открытых дверей
2022-05-14 22:23:05,608 INFO u.DriverManager [main] Драйвер поднят с опциями = [start-maximized]
2022-05-14 22:23:12,237 INFO p.AbstractPage [main] Открыта страница курсов Тестирование
2022-05-14 22:23:12,494 INFO p.AbstractPage [main] Количество курсов на странице = 11
2022-05-14 22:23:14,995 INFO p.AbstractPage [main] Открыта страница курсовJava QA Engineer. Basic
2022-05-14 22:23:15,264 INFO p.AbstractPage [main] На странице отображается корректное название курсовJava QA Engineer. Basic
2022-05-14 22:23:15,324 INFO p.AbstractPage [main] На странице отображается корректная продолжительность курсов = 4 месяца
2022-05-14 22:23:15,353 INFO p.AbstractPage [main] На странице отображается корректное описание курсов
2022-05-14 22:23:17,510 INFO p.AbstractPage [main] Открыта страница предстоящих мероприятий
2022-05-14 22:23:17,542 INFO p.AbstractPage [main] На странице отображаются карточки предстоящих мероприятий
2022-05-14 22:23:17,662 INFO p.AbstractPage [main] У курса с наименованием = "Интенсив Специализации Machine Learning. Первый день." дата проведения корректна - 2022-05-16
2022-05-14 22:23:17,751 INFO p.AbstractPage [main] У курса с наименованием = "Открытый урок "Возможно ли общаться с коллегами без конфликтов?"" дата проведения корректна - 2022-05-16
2022-05-14 22:23:17,839 INFO p.AbstractPage [main] У курса с наименованием = "Открытый урок «Validation Framework в Spring»" дата проведения корректна - 2022-05-16
2022-05-14 22:23:17,954 INFO p.AbstractPage [main] У курса с наименованием = "Структуры языка Golang" дата проведения корректна - 2022-05-16
2022-05-14 22:23:18,071 INFO p.AbstractPage [main] У курса с наименованием = "Работа с сетью" дата проведения корректна - 2022-05-16
2022-05-14 22:23:18,161 INFO p.AbstractPage [main] У курса с наименованием = "Интенсив Специализации Machine Learning. Второй день." дата проведения корректна - 2022-05-17
2022-05-14 22:23:18,239 INFO p.AbstractPage [main] У курса с наименованием = "Docker для Python разработчика" дата проведения корректна - 2022-05-17
2022-05-14 22:23:18,320 INFO p.AbstractPage [main] У курса с наименованием = "От виртуализации к контейнеризации. Введение в Docker." дата проведения корректна - 2022-05-17
2022-05-14 22:23:18,398 INFO p.AbstractPage [main] У курса с наименованием = "«Индексы MySQL»" дата проведения корректна - 2022-05-17
2022-05-14 22:23:18,481 INFO p.AbstractPage [main] У курса с наименованием = "Разработка RPA-решений на платформе PIX" дата проведения корректна - 2022-05-17
2022-05-14 22:23:18,559 INFO p.AbstractPage [main] У курса с наименованием = "Понятие "состояние" в шаблонах проектирования" дата проведения корректна - 2022-05-18
2022-05-14 22:23:18,639 INFO p.AbstractPage [main] У курса с наименованием = "Пишем простой фоторедактор для iOS" дата проведения корректна - 2022-05-18
2022-05-14 22:23:18,721 INFO p.AbstractPage [main] У курса с наименованием = "Открытый урок «Подводные камни поиска работы за рубежом в IT»" дата проведения корректна - 2022-05-18
2022-05-14 22:23:18,799 INFO p.AbstractPage [main] У курса с наименованием = "Пишем простой фоторедактор для iOS" дата проведения корректна - 2022-05-18
2022-05-14 22:23:18,876 INFO p.AbstractPage [main] У курса с наименованием = "Открытый урок "Знакомство с Jupyter Notebook, основы Python"" дата проведения корректна - 2022-05-18
2022-05-14 22:23:18,959 INFO p.AbstractPage [main] У курса с наименованием = "Разработка RPA-решений на платформе PIX" дата проведения корректна - 2022-05-18
2022-05-14 22:23:19,040 INFO p.AbstractPage [main] У курса с наименованием = "Открытый урок «Техники оценки Agile проектов для различных контекстов»" дата проведения корректна - 2022-05-19
2022-05-14 22:23:19,124 INFO p.AbstractPage [main] У курса с наименованием = "Работа с базой данных с помощью Entity Framework Core" дата проведения корректна - 2022-05-19
2022-05-14 22:23:19,227 INFO p.AbstractPage [main] У курса с наименованием = "Тестирование API с RestAssured." дата проведения корректна - 2022-05-19
2022-05-14 22:23:19,305 INFO p.AbstractPage [main] У курса с наименованием = "К чему должен быть готов начинающий нарративный дизайнер?" дата проведения корректна - 2022-05-19
2022-05-14 22:23:19,305 INFO p.AbstractPage [main] Даты мероприятий больше текущей даты
2022-05-14 22:23:20,651 INFO p.AbstractPage [main] Мероприятия отсортированы по типу = ДОД
2022-05-14 22:23:20,696 INFO p.AbstractPage [main] На странице отображаются карточки предстоящих мероприятий. На каждой карточке в типе указанноДень открытых дверей
2022-05-14 22:27:17,979 INFO u.DriverManager [main] Драйвер поднят с опциями = [start-maximized]
2022-05-14 22:27:24,526 INFO p.AbstractPage [main] Открыта страница курсов Тестирование
2022-05-14 22:27:24,613 INFO p.AbstractPage [main] Количество курсов на странице = 11
2022-05-14 22:27:27,356 INFO p.AbstractPage [main] Открыта страница курсовJava QA Engineer. Basic
2022-05-14 22:27:27,679 INFO p.AbstractPage [main] На странице отображается корректное название курсовJava QA Engineer. Basic
2022-05-14 22:27:27,784 INFO p.AbstractPage [main] На странице отображается корректная продолжительность курсов = 4 месяца
2022-05-14 22:27:27,844 INFO p.AbstractPage [main] На странице отображается корректное описание курсов
2022-05-14 22:27:30,766 INFO p.AbstractPage [main] Открыта страница предстоящих мероприятий
2022-05-14 22:27:30,820 INFO p.AbstractPage [main] На странице отображаются карточки предстоящих мероприятий
2022-05-14 22:27:30,949 INFO p.AbstractPage [main] У курса с наименованием = "Интенсив Специализации Machine Learning. Первый день." дата проведения корректна - 2022-05-16
2022-05-14 22:27:31,040 INFO p.AbstractPage [main] У курса с наименованием = "Открытый урок "Возможно ли общаться с коллегами без конфликтов?"" дата проведения корректна - 2022-05-16
2022-05-14 22:27:31,124 INFO p.AbstractPage [main] У курса с наименованием = "Открытый урок «Validation Framework в Spring»" дата проведения корректна - 2022-05-16
2022-05-14 22:27:31,213 INFO p.AbstractPage [main] У курса с наименованием = "Структуры языка Golang" дата проведения корректна - 2022-05-16
2022-05-14 22:27:31,342 INFO p.AbstractPage [main] У курса с наименованием = "Работа с сетью" дата проведения корректна - 2022-05-16
2022-05-14 22:27:31,441 INFO p.AbstractPage [main] У курса с наименованием = "Интенсив Специализации Machine Learning. Второй день." дата проведения корректна - 2022-05-17
2022-05-14 22:27:31,520 INFO p.AbstractPage [main] У курса с наименованием = "Docker для Python разработчика" дата проведения корректна - 2022-05-17
2022-05-14 22:27:31,605 INFO p.AbstractPage [main] У курса с наименованием = "От виртуализации к контейнеризации. Введение в Docker." дата проведения корректна - 2022-05-17
2022-05-14 22:27:31,683 INFO p.AbstractPage [main] У курса с наименованием = "«Индексы MySQL»" дата проведения корректна - 2022-05-17
2022-05-14 22:27:31,760 INFO p.AbstractPage [main] У курса с наименованием = "Разработка RPA-решений на платформе PIX" дата проведения корректна - 2022-05-17
2022-05-14 22:27:31,839 INFO p.AbstractPage [main] У курса с наименованием = "Понятие "состояние" в шаблонах проектирования" дата проведения корректна - 2022-05-18
2022-05-14 22:27:31,919 INFO p.AbstractPage [main] У курса с наименованием = "Пишем простой фоторедактор для iOS" дата проведения корректна - 2022-05-18
2022-05-14 22:27:31,994 INFO p.AbstractPage [main] У курса с наименованием = "Открытый урок «Подводные камни поиска работы за рубежом в IT»" дата проведения корректна - 2022-05-18
2022-05-14 22:27:32,079 INFO p.AbstractPage [main] У курса с наименованием = "Пишем простой фоторедактор для iOS" дата проведения корректна - 2022-05-18
2022-05-14 22:27:32,159 INFO p.AbstractPage [main] У курса с наименованием = "Открытый урок "Знакомство с Jupyter Notebook, основы Python"" дата проведения корректна - 2022-05-18
2022-05-14 22:27:32,236 INFO p.AbstractPage [main] У курса с наименованием = "Разработка RPA-решений на платформе PIX" дата проведения корректна - 2022-05-18
2022-05-14 22:27:32,322 INFO p.AbstractPage [main] У курса с наименованием = "Открытый урок «Техники оценки Agile проектов для различных контекстов»" дата проведения корректна - 2022-05-19
2022-05-14 22:27:32,410 INFO p.AbstractPage [main] У курса с наименованием = "Работа с базой данных с помощью Entity Framework Core" дата проведения корректна - 2022-05-19
2022-05-14 22:27:32,511 INFO p.AbstractPage [main] У курса с наименованием = "Тестирование API с RestAssured." дата проведения корректна - 2022-05-19
2022-05-14 22:27:32,611 INFO p.AbstractPage [main] У курса с наименованием = "К чему должен быть готов начинающий нарративный дизайнер?" дата проведения корректна - 2022-05-19
2022-05-14 22:27:32,612 INFO p.AbstractPage [main] Даты мероприятий больше текущей даты
2022-05-14 22:27:34,480 INFO p.AbstractPage [main] Мероприятия отсортированы по типу = ДОД
2022-05-14 22:27:35,233 INFO p.AbstractPage [main] На странице отображаются карточки предстоящих мероприятий. На каждой карточке в типе указанно = День открытых дверей
2022-05-14 22:38:02,126 INFO u.DriverManager [main] Драйвер поднят с опциями = [start-maximized]
2022-05-14 22:39:03,051 INFO u.DriverManager [main] Драйвер поднят с опциями = [start-maximized]
2022-05-14 22:39:28,854 INFO u.DriverManager [main] Драйвер поднят с опциями = [start-maximized]
2022-05-14 22:40:09,559 INFO u.DriverManager [main] Драйвер поднят с опциями = [start-maximized]
2022-05-14 22:41:19,292 INFO u.DriverManager [main] Драйвер поднят с опциями = [start-maximized]
2022-05-14 22:43:25,070 INFO u.DriverManager [main] Драйвер поднят с опциями = [start-maximized]
2022-05-14 22:44:00,313 INFO p.AbstractPage [main] Открыта страница курсов =Курсы
2022-05-14 22:44:00,604 INFO p.AbstractPage [main] Количество курсов на странице = 11
2022-05-14 22:44:03,573 INFO p.AbstractPage [main] Открыта страница курсовJava QA Engineer. Basic
2022-05-14 22:44:03,850 INFO p.AbstractPage [main] На странице отображается корректное название курсовJava QA Engineer. Basic
2022-05-14 22:44:03,891 INFO p.AbstractPage [main] На странице отображается корректная продолжительность курсов = 4 месяца
2022-05-14 22:44:03,930 INFO p.AbstractPage [main] На странице отображается корректное описание курсов
2022-05-14 22:44:05,503 INFO p.AbstractPage [main] Открыта страница предстоящих мероприятий
2022-05-14 22:44:05,537 INFO p.AbstractPage [main] На странице отображаются карточки предстоящих мероприятий
2022-05-14 22:44:05,680 INFO p.AbstractPage [main] У курса с наименованием = "Интенсив Специализации Machine Learning. Первый день." дата проведения корректна - 2022-05-16
2022-05-14 22:44:05,771 INFO p.AbstractPage [main] У курса с наименованием = "Открытый урок "Возможно ли общаться с коллегами без конфликтов?"" дата проведения корректна - 2022-05-16
2022-05-14 22:44:05,871 INFO p.AbstractPage [main] У курса с наименованием = "Открытый урок «Validation Framework в Spring»" дата проведения корректна - 2022-05-16
2022-05-14 22:44:05,956 INFO p.AbstractPage [main] У курса с наименованием = "Структуры языка Golang" дата проведения корректна - 2022-05-16
2022-05-14 22:44:06,050 INFO p.AbstractPage [main] У курса с наименованием = "Работа с сетью" дата проведения корректна - 2022-05-16
2022-05-14 22:44:06,145 INFO p.AbstractPage [main] У курса с наименованием = "Интенсив Специализации Machine Learning. Второй день." дата проведения корректна - 2022-05-17
2022-05-14 22:44:06,223 INFO p.AbstractPage [main] У курса с наименованием = "Docker для Python разработчика" дата проведения корректна - 2022-05-17
2022-05-14 22:44:06,303 INFO p.AbstractPage [main] У курса с наименованием = "От виртуализации к контейнеризации. Введение в Docker." дата проведения корректна - 2022-05-17
2022-05-14 22:44:06,384 INFO p.AbstractPage [main] У курса с наименованием = "«Индексы MySQL»" дата проведения корректна - 2022-05-17
2022-05-14 22:44:06,463 INFO p.AbstractPage [main] У курса с наименованием = "Разработка RPA-решений на платформе PIX" дата проведения корректна - 2022-05-17
2022-05-14 22:44:06,539 INFO p.AbstractPage [main] У курса с наименованием = "Понятие "состояние" в шаблонах проектирования" дата проведения корректна - 2022-05-18
2022-05-14 22:44:06,622 INFO p.AbstractPage [main] У курса с наименованием = "Пишем простой фоторедактор для iOS" дата проведения корректна - 2022-05-18
2022-05-14 22:44:06,700 INFO p.AbstractPage [main] У курса с наименованием = "Открытый урок «Подводные камни поиска работы за рубежом в IT»" дата проведения корректна - 2022-05-18
2022-05-14 22:44:06,790 INFO p.AbstractPage [main] У курса с наименованием = "Пишем простой фоторедактор для iOS" дата проведения корректна - 2022-05-18
2022-05-14 22:44:06,881 INFO p.AbstractPage [main] У курса с наименованием = "Открытый урок "Знакомство с Jupyter Notebook, основы Python"" дата проведения корректна - 2022-05-18
2022-05-14 22:44:06,959 INFO p.AbstractPage [main] У курса с наименованием = "Разработка RPA-решений на платформе PIX" дата проведения корректна - 2022-05-18
2022-05-14 22:44:07,039 INFO p.AbstractPage [main] У курса с наименованием = "Открытый урок «Техники оценки Agile проектов для различных контекстов»" дата проведения корректна - 2022-05-19
2022-05-14 22:44:07,127 INFO p.AbstractPage [main] У курса с наименованием = "Работа с базой данных с помощью Entity Framework Core" дата проведения корректна - 2022-05-19
2022-05-14 22:44:07,210 INFO p.AbstractPage [main] У курса с наименованием = "Тестирование API с RestAssured." дата проведения корректна - 2022-05-19
2022-05-14 22:44:07,301 INFO p.AbstractPage [main] У курса с наименованием = "К чему должен быть готов начинающий нарративный дизайнер?" дата проведения корректна - 2022-05-19
2022-05-14 22:44:07,301 INFO p.AbstractPage [main] Даты мероприятий больше текущей даты
2022-05-14 22:44:08,848 INFO p.AbstractPage [main] Мероприятия отсортированы по типу = ДОД
2022-05-14 22:44:08,886 INFO p.AbstractPage [main] На странице отображаются карточки предстоящих мероприятий. На каждой карточке в типе указанно = День открытых дверей
2022-05-14 22:44:50,395 INFO u.DriverManager [main] Драйвер поднят с опциями = [start-maximized]
2022-05-14 22:45:25,765 INFO p.AbstractPage [main] Открыта страница курсов =Курсы
2022-05-14 22:45:26,027 INFO p.AbstractPage [main] Количество курсов на странице = 11
2022-05-14 22:45:57,141 INFO p.AbstractPage [main] Открыта страница курсовJava QA Engineer. Basic
2022-05-14 22:45:57,375 INFO p.AbstractPage [main] На странице отображается корректное название курсовJava QA Engineer. Basic
2022-05-14 22:45:57,441 INFO p.AbstractPage [main] На странице отображается корректная продолжительность курсов = 4 месяца
2022-05-14 22:45:57,480 INFO p.AbstractPage [main] На странице отображается корректное описание курсов
2022-05-14 22:45:59,332 INFO p.AbstractPage [main] Открыта страница предстоящих мероприятий
2022-05-14 22:45:59,362 INFO p.AbstractPage [main] На странице отображаются карточки предстоящих мероприятий
2022-05-14 22:45:59,481 INFO p.AbstractPage [main] У курса с наименованием = "Интенсив Специализации Machine Learning. Первый день." дата проведения корректна - 2022-05-16
2022-05-14 22:45:59,573 INFO p.AbstractPage [main] У курса с наименованием = "Открытый урок "Возможно ли общаться с коллегами без конфликтов?"" дата проведения корректна - 2022-05-16
2022-05-14 22:45:59,664 INFO p.AbstractPage [main] У курса с наименованием = "Открытый урок «Validation Framework в Spring»" дата проведения корректна - 2022-05-16
2022-05-14 22:45:59,758 INFO p.AbstractPage [main] У курса с наименованием = "Структуры языка Golang" дата проведения корректна - 2022-05-16
2022-05-14 22:45:59,869 INFO p.AbstractPage [main] У курса с наименованием = "Работа с сетью" дата проведения корректна - 2022-05-16
2022-05-14 22:45:59,973 INFO p.AbstractPage [main] У курса с наименованием = "Интенсив Специализации Machine Learning. Второй день." дата проведения корректна - 2022-05-17
2022-05-14 22:46:00,054 INFO p.AbstractPage [main] У курса с наименованием = "Docker для Python разработчика" дата проведения корректна - 2022-05-17
2022-05-14 22:46:00,134 INFO p.AbstractPage [main] У курса с наименованием = "От виртуализации к контейнеризации. Введение в Docker." дата проведения корректна - 2022-05-17
2022-05-14 22:46:00,411 INFO p.AbstractPage [main] У курса с наименованием = "«Индексы MySQL»" дата проведения корректна - 2022-05-17
2022-05-14 22:46:00,783 INFO p.AbstractPage [main] У курса с наименованием = "Разработка RPA-решений на платформе PIX" дата проведения корректна - 2022-05-17
2022-05-14 22:46:00,878 INFO p.AbstractPage [main] У курса с наименованием = "Понятие "состояние" в шаблонах проектирования" дата проведения корректна - 2022-05-18
2022-05-14 22:46:00,983 INFO p.AbstractPage [main] У курса с наименованием = "Пишем простой фоторедактор для iOS" дата проведения корректна - 2022-05-18
2022-05-14 22:46:01,111 INFO p.AbstractPage [main] У курса с наименованием = "Открытый урок «Подводные камни поиска работы за рубежом в IT»" дата проведения корректна - 2022-05-18
2022-05-14 22:46:01,220 INFO p.AbstractPage [main] У курса с наименованием = "Пишем простой фоторедактор для iOS" дата проведения корректна - 2022-05-18
2022-05-14 22:46:01,314 INFO p.AbstractPage [main] У курса с наименованием = "Открытый урок "Знакомство с Jupyter Notebook, основы Python"" дата проведения корректна - 2022-05-18
2022-05-14 22:46:01,408 INFO p.AbstractPage [main] У курса с наименованием = "Разработка RPA-решений на платформе PIX" дата проведения корректна - 2022-05-18
2022-05-14 22:46:01,494 INFO p.AbstractPage [main] У курса с наименованием = "Открытый урок «Техники оценки Agile проектов для различных контекстов»" дата проведения корректна - 2022-05-19
2022-05-14 22:46:01,578 INFO p.AbstractPage [main] У курса с наименованием = "Работа с базой данных с помощью Entity Framework Core" дата проведения корректна - 2022-05-19
2022-05-14 22:46:01,678 INFO p.AbstractPage [main] У курса с наименованием = "Тестирование API с RestAssured." дата проведения корректна - 2022-05-19
2022-05-14 22:46:01,769 INFO p.AbstractPage [main] У курса с наименованием = "К чему должен быть готов начинающий нарративный дизайнер?" дата проведения корректна - 2022-05-19
2022-05-14 22:46:01,769 INFO p.AbstractPage [main] Даты мероприятий больше текущей даты
2022-05-14 22:46:03,007 INFO p.AbstractPage [main] Мероприятия отсортированы по типу = ДОД
2022-05-14 22:46:03,040 INFO p.AbstractPage [main] На странице отображаются карточки предстоящих мероприятий. На каждой карточке в типе указанно = День открытых дверей
